[debug] [2021-01-16T10:34:27.251Z] ----------------------------------------------------------------------
[debug] [2021-01-16T10:34:27.253Z] Command:       /usr/local/lib/node_modules/firebase-tools/lib/bin/firebase.js /Users/damirgojovic/.cache/firebase/tools/lib/node_modules/firebase-tools/lib/bin/firebase init
[debug] [2021-01-16T10:34:27.253Z] CLI Version:   9.2.0
[debug] [2021-01-16T10:34:27.253Z] Platform:      darwin
[debug] [2021-01-16T10:34:27.253Z] Node Version:  v12.18.1
[debug] [2021-01-16T10:34:27.254Z] Time:          Sat Jan 16 2021 11:34:27 GMT+0100 (Central European Standard Time)
[debug] [2021-01-16T10:34:27.255Z] ----------------------------------------------------------------------
[debug] [2021-01-16T10:34:27.255Z] 
[debug] [2021-01-16T10:34:27.257Z] >>> [apiv2][query] GET https://firebase-public.firebaseio.com/cli.json [none]
[debug] [2021-01-16T10:34:27.270Z] > command requires scopes: ["email","openid","https://www.googleapis.com/auth/cloudplatformprojects.readonly","https://www.googleapis.com/auth/firebase","https://www.googleapis.com/auth/cloud-platform"]
[debug] [2021-01-16T10:34:27.270Z] > authorizing via signed-in user
[info] 
     ######## #### ########  ######## ########     ###     ######  ########
     ##        ##  ##     ## ##       ##     ##  ##   ##  ##       ##
     ######    ##  ########  ######   ########  #########  ######  ######
     ##        ##  ##    ##  ##       ##     ## ##     ##       ## ##
     ##       #### ##     ## ######## ########  ##     ##  ######  ########

You're about to initialize a Firebase project in this directory:

  /Users/damirgojovic/RESTCountriesAPI

[debug] [2021-01-16T10:34:27.775Z] <<< [apiv2][status] GET https://firebase-public.firebaseio.com/cli.json 200
[debug] [2021-01-16T10:34:27.775Z] <<< [apiv2][body] GET https://firebase-public.firebaseio.com/cli.json {"cloudBuildErrorAfter":1594252800000,"cloudBuildWarnAfter":1590019200000,"defaultNode10After":1594252800000,"minVersion":"3.0.5","node8DeploysDisabledAfter":1613390400000,"node8RuntimeDisabledAfter":1615809600000,"node8WarnAfter":1600128000000}
